SockJS v0.3.7 bound to "/zoo"
GET /zoo 7ms 200
info: socket.io started
debug: client authorized
info: handshake authorized itMppg6ePn9FWWjBqg5n
debug: setting request GET /socket.io/1/websocket/itMppg6ePn9FWWjBqg5n
debug: set heartbeat interval for client itMppg6ePn9FWWjBqg5n
debug: client authorized for 
debug: websocket writing 1::
Client connected to this nodeServer
New player connected... (total 1)
info: transport end (socket end)
debug: set close timeout for client itMppg6ePn9FWWjBqg5n
debug: cleared close timeout for client itMppg6ePn9FWWjBqg5n
debug: cleared heartbeat interval for client itMppg6ePn9FWWjBqg5n
debug: discarding transport
debug: served static content /socket.io.js
debug: client authorized
info: handshake authorized HF4bjXF_GJKpt6wkqg5o
debug: setting request GET /socket.io/1/websocket/HF4bjXF_GJKpt6wkqg5o
debug: set heartbeat interval for client HF4bjXF_GJKpt6wkqg5o
debug: client authorized for 
debug: websocket writing 1::
Client connected to this nodeServer
New player connected... (total 2)
   Recieve:
{
  "type": "setProperty",
  "properties": {
    "name": "a",
    "age": 7,
    "avatarId": 1
  }
}
debug: websocket writing 5:::{"name":"data","args":["{\"type\":\"setPropertyReply\",\"status\":0}"]}
{ type: 'setPropertyReply', status: 0 }
   Recieve:
{
  "type": "getAllSession"
}
debug: websocket writing 5:::{"name":"data","args":["{\"type\":\"session\",\"content\":[{\"id\":\"100000\",\"size\":0,\"players\":[]},{\"id\":\"100001\",\"size\":0,\"players\":[]},{\"id\":\"100002\",\"size\":0,\"players\":[]},{\"id\":\"100003\",\"size\":0,\"players\":[]},{\"id\":\"100004\",\"size\":0,\"players\":[]},{\"id\":\"100005\",\"size\":0,\"players\":[]},{\"id\":\"100006\",\"size\":0,\"players\":[]},{\"id\":\"100007\",\"size\":0,\"players\":[]},{\"id\":\"100008\",\"size\":0,\"players\":[]},{\"id\":\"100009\",\"size\":0,\"players\":[]}]}"]}
{ type: 'session',
  content: 
   [ { id: '100000', size: 0, players: [] },
     { id: '100001', size: 0, players: [] },
     { id: '100002', size: 0, players: [] },
     { id: '100003', size: 0, players: [] },
     { id: '100004', size: 0, players: [] },
     { id: '100005', size: 0, players: [] },
     { id: '100006', size: 0, players: [] },
     { id: '100007', size: 0, players: [] },
     { id: '100008', size: 0, players: [] },
     { id: '100009', size: 0, players: [] } ] }
   Recieve:
{
  "type": "setSession",
  "sessionId": "100000"
}
   Session 100000 add new player.
debug: websocket writing 5:::{"name":"data","args":["{\"type\":\"message\",\"status\":0,\"content\":\"New player added.\"}"]}
{ type: 'message', status: 0, content: 'New player added.' }
   Recieve:
{
  "type": "getAllSession"
}
debug: websocket writing 5:::{"name":"data","args":["{\"type\":\"session\",\"content\":[{\"id\":\"100000\",\"size\":1,\"players\":[{\"id\":1382889969299,\"name\":\"a\",\"avatarId\":1}]},{\"id\":\"100001\",\"size\":0,\"players\":[]},{\"id\":\"100002\",\"size\":0,\"players\":[]},{\"id\":\"100003\",\"size\":0,\"players\":[]},{\"id\":\"100004\",\"size\":0,\"players\":[]},{\"id\":\"100005\",\"size\":0,\"players\":[]},{\"id\":\"100006\",\"size\":0,\"players\":[]},{\"id\":\"100007\",\"size\":0,\"players\":[]},{\"id\":\"100008\",\"size\":0,\"players\":[]},{\"id\":\"100009\",\"size\":0,\"players\":[]}]}"]}
{ type: 'session',
  content: 
   [ { id: '100000', size: 1, players: [Object] },
     { id: '100001', size: 0, players: [] },
     { id: '100002', size: 0, players: [] },
     { id: '100003', size: 0, players: [] },
     { id: '100004', size: 0, players: [] },
     { id: '100005', size: 0, players: [] },
     { id: '100006', size: 0, players: [] },
     { id: '100007', size: 0, players: [] },
     { id: '100008', size: 0, players: [] },
     { id: '100009', size: 0, players: [] } ] }
info: transport end (socket end)
debug: set close timeout for client HF4bjXF_GJKpt6wkqg5o
debug: cleared close timeout for client HF4bjXF_GJKpt6wkqg5o
debug: cleared heartbeat interval for client HF4bjXF_GJKpt6wkqg5o
debug: discarding transport
debug: served static content /socket.io.js
debug: client authorized
info: handshake authorized GuRJp3zCj2W-qToRqg5p
debug: setting request GET /socket.io/1/websocket/GuRJp3zCj2W-qToRqg5p
debug: set heartbeat interval for client GuRJp3zCj2W-qToRqg5p
debug: client authorized for 
debug: websocket writing 1::
Client connected to this nodeServer
New player connected... (total 3)
   Recieve:
{
  "type": "setProperty",
  "properties": {
    "name": "a",
    "age": 7,
    "avatarId": 1
  }
}
debug: websocket writing 5:::{"name":"data","args":["{\"type\":\"setPropertyReply\",\"status\":0}"]}
{ type: 'setPropertyReply', status: 0 }
   Recieve:
{
  "type": "getAllSession"
}
debug: websocket writing 5:::{"name":"data","args":["{\"type\":\"session\",\"content\":[{\"id\":\"100000\",\"size\":1,\"players\":[{\"id\":1382889969299,\"name\":\"a\",\"avatarId\":1}]},{\"id\":\"100001\",\"size\":0,\"players\":[]},{\"id\":\"100002\",\"size\":0,\"players\":[]},{\"id\":\"100003\",\"size\":0,\"players\":[]},{\"id\":\"100004\",\"size\":0,\"players\":[]},{\"id\":\"100005\",\"size\":0,\"players\":[]},{\"id\":\"100006\",\"size\":0,\"players\":[]},{\"id\":\"100007\",\"size\":0,\"players\":[]},{\"id\":\"100008\",\"size\":0,\"players\":[]},{\"id\":\"100009\",\"size\":0,\"players\":[]}]}"]}
{ type: 'session',
  content: 
   [ { id: '100000', size: 1, players: [Object] },
     { id: '100001', size: 0, players: [] },
     { id: '100002', size: 0, players: [] },
     { id: '100003', size: 0, players: [] },
     { id: '100004', size: 0, players: [] },
     { id: '100005', size: 0, players: [] },
     { id: '100006', size: 0, players: [] },
     { id: '100007', size: 0, players: [] },
     { id: '100008', size: 0, players: [] },
     { id: '100009', size: 0, players: [] } ] }
   Recieve:
{
  "type": "setSession",
  "sessionId": "100000"
}
   Session 100000 add new player.
debug: websocket writing 5:::{"name":"data","args":["{\"type\":\"message\",\"status\":0,\"content\":\"New player added.\"}"]}
{ type: 'message', status: 0, content: 'New player added.' }
   Recieve:
{
  "type": "getAllSession"
}
debug: websocket writing 5:::{"name":"data","args":["{\"type\":\"session\",\"content\":[{\"id\":\"100000\",\"size\":2,\"players\":[{\"id\":1382889969299,\"name\":\"a\",\"avatarId\":1},{\"id\":1382889986162,\"name\":\"a\",\"avatarId\":1}]},{\"id\":\"100001\",\"size\":0,\"players\":[]},{\"id\":\"100002\",\"size\":0,\"players\":[]},{\"id\":\"100003\",\"size\":0,\"players\":[]},{\"id\":\"100004\",\"size\":0,\"players\":[]},{\"id\":\"100005\",\"size\":0,\"players\":[]},{\"id\":\"100006\",\"size\":0,\"players\":[]},{\"id\":\"100007\",\"size\":0,\"players\":[]},{\"id\":\"100008\",\"size\":0,\"players\":[]},{\"id\":\"100009\",\"size\":0,\"players\":[]}]}"]}
{ type: 'session',
  content: 
   [ { id: '100000', size: 2, players: [Object] },
     { id: '100001', size: 0, players: [] },
     { id: '100002', size: 0, players: [] },
     { id: '100003', size: 0, players: [] },
     { id: '100004', size: 0, players: [] },
     { id: '100005', size: 0, players: [] },
     { id: '100006', size: 0, players: [] },
     { id: '100007', size: 0, players: [] },
     { id: '100008', size: 0, players: [] },
     { id: '100009', size: 0, players: [] } ] }
info: transport end (socket end)
debug: set close timeout for client GuRJp3zCj2W-qToRqg5p
debug: cleared close timeout for client GuRJp3zCj2W-qToRqg5p
debug: cleared heartbeat interval for client GuRJp3zCj2W-qToRqg5p
debug: discarding transport
debug: served static content /socket.io.js
debug: client authorized
info: handshake authorized ecH01eoK-8z_M-3-qg5q
debug: setting request GET /socket.io/1/websocket/ecH01eoK-8z_M-3-qg5q
debug: set heartbeat interval for client ecH01eoK-8z_M-3-qg5q
debug: client authorized for 
debug: websocket writing 1::
Client connected to this nodeServer
New player connected... (total 4)
   Recieve:
{
  "type": "setProperty",
  "properties": {
    "name": "a",
    "age": 7,
    "avatarId": 1
  }
}
debug: websocket writing 5:::{"name":"data","args":["{\"type\":\"setPropertyReply\",\"status\":0}"]}
{ type: 'setPropertyReply', status: 0 }
   Recieve:
{
  "type": "getAllSession"
}
debug: websocket writing 5:::{"name":"data","args":["{\"type\":\"session\",\"content\":[{\"id\":\"100000\",\"size\":2,\"players\":[{\"id\":1382889969299,\"name\":\"a\",\"avatarId\":1},{\"id\":1382889986162,\"name\":\"a\",\"avatarId\":1}]},{\"id\":\"100001\",\"size\":0,\"players\":[]},{\"id\":\"100002\",\"size\":0,\"players\":[]},{\"id\":\"100003\",\"size\":0,\"players\":[]},{\"id\":\"100004\",\"size\":0,\"players\":[]},{\"id\":\"100005\",\"size\":0,\"players\":[]},{\"id\":\"100006\",\"size\":0,\"players\":[]},{\"id\":\"100007\",\"size\":0,\"players\":[]},{\"id\":\"100008\",\"size\":0,\"players\":[]},{\"id\":\"100009\",\"size\":0,\"players\":[]}]}"]}
{ type: 'session',
  content: 
   [ { id: '100000', size: 2, players: [Object] },
     { id: '100001', size: 0, players: [] },
     { id: '100002', size: 0, players: [] },
     { id: '100003', size: 0, players: [] },
     { id: '100004', size: 0, players: [] },
     { id: '100005', size: 0, players: [] },
     { id: '100006', size: 0, players: [] },
     { id: '100007', size: 0, players: [] },
     { id: '100008', size: 0, players: [] },
     { id: '100009', size: 0, players: [] } ] }
   Recieve:
{
  "type": "setSession",
  "sessionId": "100000"
}
   Session 100000 add new player.
debug: websocket writing 5:::{"name":"data","args":["{\"type\":\"message\",\"status\":0,\"content\":\"New player added.\"}"]}
{ type: 'message', status: 0, content: 'New player added.' }
   Recieve:
{
  "type": "getAllSession"
}
debug: websocket writing 5:::{"name":"data","args":["{\"type\":\"session\",\"content\":[{\"id\":\"100000\",\"size\":3,\"players\":[{\"id\":1382889969299,\"name\":\"a\",\"avatarId\":1},{\"id\":1382889986162,\"name\":\"a\",\"avatarId\":1},{\"id\":1382889999837,\"name\":\"a\",\"avatarId\":1}]},{\"id\":\"100001\",\"size\":0,\"players\":[]},{\"id\":\"100002\",\"size\":0,\"players\":[]},{\"id\":\"100003\",\"size\":0,\"players\":[]},{\"id\":\"100004\",\"size\":0,\"players\":[]},{\"id\":\"100005\",\"size\":0,\"players\":[]},{\"id\":\"100006\",\"size\":0,\"players\":[]},{\"id\":\"100007\",\"size\":0,\"players\":[]},{\"id\":\"100008\",\"size\":0,\"players\":[]},{\"id\":\"100009\",\"size\":0,\"players\":[]}]}"]}
{ type: 'session',
  content: 
   [ { id: '100000', size: 3, players: [Object] },
     { id: '100001', size: 0, players: [] },
     { id: '100002', size: 0, players: [] },
     { id: '100003', size: 0, players: [] },
     { id: '100004', size: 0, players: [] },
     { id: '100005', size: 0, players: [] },
     { id: '100006', size: 0, players: [] },
     { id: '100007', size: 0, players: [] },
     { id: '100008', size: 0, players: [] },
     { id: '100009', size: 0, players: [] } ] }
info: transport end (socket end)
debug: set close timeout for client ecH01eoK-8z_M-3-qg5q
debug: cleared close timeout for client ecH01eoK-8z_M-3-qg5q
debug: cleared heartbeat interval for client ecH01eoK-8z_M-3-qg5q
debug: discarding transport
info: socket.io started
debug: served static content /socket.io.js
debug: served static content /socket.io.js
